Arguments: 
  /usr/local/Cellar/node/15.4.0/bin/node /usr/local/Cellar/yarn/1.22.10/libexec/bin/yarn.js add linter-config =D

PATH: 
  /usr/local/lib/ruby/gems/2.7.0/bin:/usr/local/opt/ruby/bin:/usr/local/opt/apr/bin:/usr/local/bin:/usr/bin:/bin:/usr/sbin:/sbin:/Applications/VMware Fusion.app/Contents/Public:/Library/Apple/usr/bin:/usr/local/lib/ruby/gems/2.7.0/bin:/usr/local/opt/ruby/bin:/usr/local/opt/apr/bin

Yarn version: 
  1.22.10

Node version: 
  15.4.0

Platform: 
  darwin x64

Trace: 
  Error: http://registry.npm.qiwoo.org/=D: Not found
      at Request.params.callback [as _callback] (/usr/local/Cellar/yarn/1.22.10/libexec/lib/cli.js:66988:18)
      at Request.self.callback (/usr/local/Cellar/yarn/1.22.10/libexec/lib/cli.js:140749:22)
      at Request.emit (node:events:376:20)
      at Request.<anonymous> (/usr/local/Cellar/yarn/1.22.10/libexec/lib/cli.js:141721:10)
      at Request.emit (node:events:376:20)
      at IncomingMessage.<anonymous> (/usr/local/Cellar/yarn/1.22.10/libexec/lib/cli.js:141643:12)
      at Object.onceWrapper (node:events:482:28)
      at IncomingMessage.emit (node:events:388:22)
      at endReadableNT (node:internal/streams/readable:1295:12)
      at processTicksAndRejections (node:internal/process/task_queues:80:21)

npm manifest: 
  No manifest

yarn manifest: 
  No manifest

Lockfile: 
  No lockfile
